do run
loading script "jan_unknown400_120.py"
loading script "jan_pump_ms.py"
loading script "jan_co2.py"
loading script "jan_pump_extraction_line.py"
testing...
no interpolation path defined
executed snippet estimated_duration=539.8, duration=0.000211954116821
script duration name:unknown400_120 seconds:540.0
loading script "jan_unknown400_120.py"
loading script "jan_pump_ms.py"
loading script "jan_co2.py"
loading script "jan_pump_extraction_line.py"
testing...
no interpolation path defined
executed snippet estimated_duration=0, duration=3.79085540771e-05
loading script "jan_unknown400_120.py"
loading script "jan_pump_ms.py"
loading script "jan_co2.py"
loading script "jan_pump_extraction_line.py"
testing...
no interpolation path defined
calculate duration
testing...
no interpolation path defined
executed snippet estimated_duration=0, duration=5.10215759277e-05
calculate duration
testing...
no interpolation path defined
executed snippet estimated_duration=0, duration=9.10758972168e-05
executed snippet estimated_duration=0.0, duration=0.00284695625305
script duration name:co2 seconds:0.0
loading script "jan_unknown400_120.py"
loading script "jan_pump_ms.py"
loading script "jan_co2.py"
loading script "jan_pump_extraction_line.py"
testing...
no interpolation path defined
calculate duration
testing...
no interpolation path defined
executed snippet estimated_duration=4.0, duration=0.000144958496094
executed snippet estimated_duration=4.0, duration=0.00161385536194
Script duration 540.0
Run total estimated duration= 541.000
run duration: 0:09:01
doing event level: 2
19:13:54 -- Setting default integration. t=1.048576
setting integration time = 1.048576
SetIntegrationTime 1.048576 ===>> OK
----------------- start -----------------
**************** Experiment Type: Ar/Ar, Ar/Ar
create new session 4951368528
close session 4951368528
$$$$$ Clearing conditionals
adding conditionals 
Add queue conditionals
add default conditionals
adding default conditionals from /Users/jan/PychronDev/setupfiles/spectrometer/default_conditionals.yaml
Start automated run 65885-06B
loading script "jan_unknown400_120.py"
loading script "jan_pump_ms.py"
loading script "jan_co2.py"
loading script "jan_pump_extraction_line.py"
%%%%%%%%%%%%%%%%%% setting automated run 65885-06B
No value "sensitivity_multiplier" in metadata
$$$$$$$$$$$$$$$ auto_save_detector_ic=False
============================= Pre Extraction Check =============================
loading queue conditionals pre_run_terminations
loading system conditionals pre_run_terminations
loading conditionals from /Users/jan/PychronDev/setupfiles/spectrometer/default_conditionals.yaml
19:13:54 -- ******* Pre Extraction Check *******
Get a measurement from the spectrometer
Pre Extraction Termination data. keys=H2,H1,AX,L1,L2,CDD, signals=-0.12203,0.07357,0.03937,-0.02788,0.03391,0.00252
19:13:54 -- testing system defined conditionals
Checking default pre extraction terminations n=2
testing CDD
evaluate ot="CDD.inactive" t="CDD", ctx="{'CDD': False}"
GetDeflection CDD ===>> 50
testing CDD==2000
evaluate ot="CDD.deflection==2000" t="CDD==2000", ctx="{'CDD': 50.0}"
19:13:54 -- ******* Pre Extraction Check Passed *******
=================================================================================
19:13:54 -- stopping status monitor
stop 4949409040
Status monitor stopped
Status monitor finished
19:13:56 -- starting status monitor
start 4949409040
StatusMonitor period=1. Frequencies(state=2, checksum=3, lock=5, owner=5)
start extraction
do extraction
Analysis started at 19:13:57.832014
Extraction Started jan_co2.py
19:13:57 -- ******* Extraction Started jan_co2.py *******
state changed from not run to extraction
DO EXTRACTION <pychron.extraction_line.pyscript_runner.RemotePyScriptRunner object at 0x129e09d10>
testing...
no interpolation path defined
calculate duration
testing...
no interpolation path defined
executed snippet estimated_duration=0, duration=4.79221343994e-05
calculate duration
testing...
no interpolation path defined
executed snippet estimated_duration=0, duration=0.000159978866577
executed snippet estimated_duration=100.0, duration=0.00312685966492
Jan CO2 laser analysis
doing GOSUB
testing...
no interpolation path defined
executed snippet estimated_duration=0, duration=3.91006469727e-05
Waiting for CO2 access
wait ('FelixCO2Flag', 0) {}
waiting for FelixCO2Flag = 0
Read FelixCO2Flag ===>> 0
finished waiting
CO2 free
wait ('CO2PumpTimeFlag', 0) {}
waiting for CO2PumpTimeFlag = 0
Read CO2PumpTimeFlag ===>> 0
finished waiting
acquire ('JanCO2Flag',) {'clear': True}
acquire JanCO2Flag
Set JanCO2Flag 1 ===>> OK
JanCO2Flag acquired
set extraction state False (0.75, 'red', 1.5)
CO2 acquired
executed snippet estimated_duration=0, duration=0.0263540744781
WaitForCO2Access.py completed successfully
gosub finished
doing GOSUB
testing...
no interpolation path defined
executed snippet estimated_duration=0, duration=9.79900360107e-05
Prepare for CO2 analysis
close () {'description': 'Jan Inlet'}
close name=--- desc=Jan Inlet
checking ownership. requestor=129.138.12.150
check software interlocks R
interlocks []
actuate state mode=None-script, software_lock=False
doing actuation None-script close_channel False
Close R ===>> OK
GetIndicatorState R ===>> False
change switch state (True, True)
19:13:58 -- CLOSE  VALVE-R (Jan Inlet)
-------------------------- close None (Jan Inlet) result=[(True, True)]
action=close, ok=True, locked=[False]
open () {'description': 'Jan Ion Pump'}
open name=--- desc=Jan Ion Pump
checking ownership. requestor=129.138.12.150
check software interlocks O
interlocks []
actuate state mode=None-script, software_lock=False
doing actuation None-script open_channel False
Open O ===>> OK
GetIndicatorState O ===>> OK
change switch state (True, True)
19:13:58 -- OPEN   VALVE-O (Jan Ion Pump)
-------------------------- open None (Jan Ion Pump) result=[(True, True)]
action=open, ok=True, locked=[False]
close () {'description': 'Microbone to Minibone'}
close name=--- desc=Microbone to Minibone
checking ownership. requestor=129.138.12.150
check software interlocks L
interlocks []
actuate state mode=None-script, software_lock=False
doing actuation None-script close_channel False
Close L ===>> OK
GetIndicatorState L ===>> False
change switch state (True, True)
19:13:59 -- CLOSE  VALVE-L (Microbone to Minibone)
-------------------------- close None (Microbone to Minibone) result=[(True, True)]
action=close, ok=True, locked=[False]
open () {'description': 'Microbone to Turbo'}
open name=--- desc=Microbone to Turbo
checking ownership. requestor=129.138.12.150
check software interlocks U
interlocks []
actuate state mode=None-script, software_lock=False
doing actuation None-script open_channel False
Open U ===>> OK
GetIndicatorState U ===>> OK
change switch state (True, True)
19:13:59 -- OPEN   VALVE-U (Microbone to Turbo)
-------------------------- open None (Microbone to Turbo) result=[(True, True)]
action=open, ok=True, locked=[False]
open () {'description': 'Microbone to Inlet Pipette'}
open name=--- desc=Microbone to Inlet Pipette
checking ownership. requestor=129.138.12.150
check software interlocks S
interlocks []
actuate state mode=None-script, software_lock=False
doing actuation None-script open_channel False
Open S ===>> OK
GetIndicatorState S ===>> OK
change switch state (True, True)
19:14:00 -- OPEN   VALVE-S (Microbone to Inlet Pipette)
-------------------------- open None (Microbone to Inlet Pipette) result=[(True, True)]
action=open, ok=True, locked=[False]
open () {'description': 'Microbone to Getter D-50'}
open name=--- desc=Microbone to Getter D-50
checking ownership. requestor=129.138.12.150
check software interlocks K
interlocks []
actuate state mode=None-script, software_lock=False
doing actuation None-script open_channel False
Open K ===>> OK
GetIndicatorState K ===>> OK
change switch state (True, True)
19:14:01 -- OPEN   VALVE-K (Microbone to Getter D-50)
-------------------------- open None (Microbone to Getter D-50) result=[(True, True)]
action=open, ok=True, locked=[False]
open () {'description': 'Microbone to Getter NP-10'}
open name=--- desc=Microbone to Getter NP-10
checking ownership. requestor=129.138.12.150
check software interlocks M
interlocks []
actuate state mode=None-script, software_lock=False
doing actuation None-script open_channel False
Open M ===>> OK
GetIndicatorState M ===>> OK
change switch state (True, True)
19:14:01 -- OPEN   VALVE-M (Microbone to Getter NP-10)
-------------------------- open None (Microbone to Getter NP-10) result=[(True, True)]
action=open, ok=True, locked=[False]
close () {'description': 'CO2 Laser to Felix'}
close name=--- desc=CO2 Laser to Felix
checking ownership. requestor=129.138.12.150
check software interlocks F
interlocks []
actuate state mode=None-script, software_lock=True
VALVE-F(CO2 Laser to Felix) software locked
change switch state (True, False)
-------------------------- close None (CO2 Laser to Felix) result=[(True, False)]
action=close, ok=True, locked=[True]
open () {'description': 'CO2 Laser to Jan'}
open name=--- desc=CO2 Laser to Jan
checking ownership. requestor=129.138.12.150
check software interlocks A
interlocks []
actuate state mode=None-script, software_lock=False
doing actuation None-script open_channel False
Open A ===>> OK
GetIndicatorState A ===>> OK
change switch state (True, True)
19:14:01 -- OPEN   VALVE-A (CO2 Laser to Jan)
-------------------------- open None (CO2 Laser to Jan) result=[(True, True)]
action=open, ok=True, locked=[False]
open () {'description': 'Microbone to CO2 Laser'}
open name=--- desc=Microbone to CO2 Laser
checking ownership. requestor=129.138.12.150
check software interlocks T
interlocks []
actuate state mode=None-script, software_lock=False
doing actuation None-script open_channel False
Open T ===>> OK
GetIndicatorState T ===>> OK
change switch state (True, True)
19:14:02 -- OPEN   VALVE-T (Microbone to CO2 Laser)
-------------------------- open None (Microbone to CO2 Laser) result=[(True, True)]
action=open, ok=True, locked=[False]
executed snippet estimated_duration=0, duration=4.99601697922
PrepareForCO2Analysis.py completed successfully
gosub finished
set_motor ('beam', '1.25') {}
setting motor "beam" to 1.25
set motor beam to 1.25
SetMotor beam,1.25 ===>> OK
GetMotorMoving beam ===>> False
GetMotorMoving beam ===>> False
Block completed
move_to_position ('137',) {'autocenter': True}
FusionsCO2 move to position 137
sending GoToHole 137,True
GoToHole 137,True ===>> OK
GetDriveMoving ===>> False
GetDriveMoving ===>> OK
GetDriveMoving ===>> OK
GetDriveMoving ===>> OK
GetDriveMoving ===>> OK
GetDriveMoving ===>> OK
GetDriveMoving ===>> OK
GetDriveMoving ===>> OK
GetDriveMoving ===>> OK
GetDriveMoving ===>> OK
GetDriveMoving ===>> OK
GetDriveMoving ===>> OK
GetDriveMoving ===>> OK
GetDriveMoving ===>> OK
GetDriveMoving ===>> OK
GetDriveMoving ===>> OK
GetDriveMoving ===>> False
Block completed
GetAutoCorrecting ===>> False
GetAutoCorrecting ===>> False
Block completed
update position
GetPosition ===>> -15.95120,-3.98780,1.00000
got position (-15.9512, -3.9878, 1.0)
move to position succeeded
sleep (5,) {}
SLEEP 5.0
block started
WaitControl setup for 5.0  
Join finished
block finished. duration 5.0481672287
close () {'description': 'Microbone to Turbo'}
close name=--- desc=Microbone to Turbo
checking ownership. requestor=129.138.12.150
check software interlocks U
interlocks []
actuate state mode=None-script, software_lock=False
doing actuation None-script close_channel True
Close U ===>> OK
GetIndicatorState U ===>> False
change switch state (True, True)
19:14:15 -- CLOSE  VALVE-U (Microbone to Turbo)
-------------------------- close None (Microbone to Turbo) result=[(True, True)]
action=close, ok=True, locked=[False]
enable laser
enable () {}
set extraction state FusionsCO2 Enabled (False, 'red', 1.5)
enabling laser
Enable ===>> OK
begin interval
BEGIN INTERVAL Interval 1 waiting for 30.0
block started
set extract to 0.75
WaitControl setup for 30.0  
extract (0.75,) {}
GetPosition ===>> -15.95120,-3.98780,1.00000
set extraction state FusionsCO2 ON! 0.75(watts) (0.75, 'red', 1.5)
extract sample to 0.75 (watts)
set laser output
SetLaserOutput 0.75,watts ===>> OK
executing pattern triangle.lp
execute_pattern ('triangle.lp',) {}
executing pattern triangle.lp
IsPatterning ===>> OK
IsPatterning ===>> OK
IsPatterning ===>> OK
IsPatterning ===>> OK
IsPatterning ===>> OK
IsPatterning ===>> OK
IsPatterning ===>> OK
IsPatterning ===>> OK
IsPatterning ===>> OK
IsPatterning ===>> OK
IsPatterning ===>> OK
IsPatterning ===>> OK
IsPatterning ===>> OK
IsPatterning ===>> OK
IsPatterning ===>> OK
IsPatterning ===>> OK
IsPatterning ===>> OK
IsPatterning ===>> OK
IsPatterning ===>> OK
IsPatterning ===>> OK
IsPatterning ===>> OK
IsPatterning ===>> OK
IsPatterning ===>> OK
IsPatterning ===>> OK
IsPatterning ===>> OK
IsPatterning ===>> OK
IsPatterning ===>> False
IsPatterning ===>> False
Block completed
COMPLETE INTERVAL waiting for Interval 1 to complete
Join finished
block finished. duration 30.1521770954
Interval 1 finished
end_extract () {}
ending extraction. set laser power to 0
set laser power 0
SetLaserPower 0 ===>> OK
disable () {}
%%%%%%%%%%%%%%%%%%%%%%%%%%%%%%%%%%% disable
set extraction state False (0.75, 'red', 1.5)
disabling laser
Disable ===>> OK
sleep (30.0,) {}
SLEEP 30.0
block started
WaitControl setup for 30.0  
set states for children of Q. state=False
refresh_canvas_needed fired
State checksums do not match. Local:1488633014 Remote:303506562
State checksum failed
set states for children of E. state=True
set states for children of I. state=True
refresh_canvas_needed fired
set states for children of B. state=False
set states for children of D. state=False
refresh_canvas_needed fired
set states for children of Y. state=True
refresh_canvas_needed fired
Join finished
block finished. duration 30.1286051273
executed snippet estimated_duration=166.5, duration=78.6336979866
jan_co2.py completed successfully
GetAchievedOutput ===>> No Response
Requested Output= 0.000
Achieved Output=  0.000
GetResponseBlob ===>> No Response
GetOutputBlob ===>> No Response
persistence save...
persistence save - db
AutomatedRunPersister post_extraction_save deprecated
persistence save - dvc
no extraction position for 137
not connected to db mysql://janexp@129.138.12.160/labspy
Enviromentals: {'lab_humiditys': [{'device': 'EnvironmentalMonitor',
                    'name': 'Lab Hum.',
                    'pub_date': '2017-09-05T18:46:25',
                    'title': 'iServer Hum.',
                    'value': 38.1}],
 'lab_pneumatics': [{'device': 'AirPressure',
                     'name': 'Pressure',
                     'pub_date': '2017-09-05T19:13:40',
                     'title': None,
                     'value': 85.875},
                    {'device': 'AirPressure2',
                     'name': 'Pressure2',
                     'pub_date': '2017-09-05T19:13:40',
                     'title': None,
                     'value': 85.86838}],
 'lab_temperatures': [{'device': 'Coldfinger',
                       'name': 'ColdFinger Temp.',
                       'pub_date': '2017-09-05T19:14:35',
                       'title': None,
                       'value': -194.0},
                      {'device': 'EnvironmentalMonitor',
                       'name': 'Lab Temp.',
                       'pub_date': '2017-09-05T18:59:30',
                       'title': 'iServer Temp.',
                       'value': 74.8},
                      {'device': 'Chiller',
                       'name': 'Coolant Temp.',
                       'pub_date': '2017-09-05T17:53:13',
                       'title': None,
                       'value': 18.0}]}
Extraction Finished
19:15:18 -- ******* Extraction Finished *******
no overlap. not waiting for min ms pumptime
19:15:18 -- Sending spectrometer configuration
======== Sending configuration ========
SetDeflection CDD,50.0 ===>> OK
SetDeflection H2,0.0 ===>> OK
SetDeflection H1,0.0 ===>> OK
SetDeflection L2,825.0 ===>> OK
SetDeflection L1,400.0 ===>> OK
SetDeflection AX,190.0 ===>> OK
SetZFocus 74.64 ===>> OK
SetZSymmetry -50.72 ===>> OK
SetExtractionLens 26.13 ===>> OK
SetIonRepeller -3.81 ===>> OK
SetElectronEnergy 75.08 ===>> OK
SetYSymmetry -2.81 ===>> OK
SetIonCounterVoltage 1590.0 ===>> OK
send trap current 200.0
GetParameter Trap Current Readback ===>> 197.811389855338
SetParameter Trap Current Set,200.0 ===>> OK
updating mftable name mftable
Using mftable located at /Users/jan/PychronDev/setupfiles/spectrometer/mftables/mftable.csv
============ MFtable ===========
Isotope  H2     H1     AX     L1     L2     CDD    
Ar40     6.0550 5.8786 5.9924 6.1935 6.2298 6.6788
Ar39     6.0099 5.7695 6.0565 6.3366 6.1125 6.5653
Ar36     5.6874 5.4386 5.7198 5.9955 5.7675 6.2164
================================
get initial guess parabolic
get initial guess parabolic
get initial guess parabolic
get initial guess parabolic
get initial guess parabolic
get initial guess parabolic
======== Configuration Finished ========
GetYSymmetry ===>> -2.81
GetZSymmetry ===>> -50.72
GetParameter Trap Current Readback ===>> 198.035158395898
GetHighVoltage ===>> 4499.94659342336
start measurement
do measurement
L#=65885 analysis type=unknown
Measurement Started jan_unknown400_120.py
19:15:22 -- ******* Measurement Started jan_unknown400_120.py *******
state changed from extraction to measurement
setting trap, emission, spec, defl, and gains
GetExtractionLens ===>> 26.13
GetYSymmetry ===>> -2.81
GetZSymmetry ===>> -50.72
GetZFocus ===>> 74.64
GetDeflection H2 ===>> 0
GetDeflection H1 ===>> 0
GetDeflection AX ===>> 190
GetDeflection L1 ===>> 400
GetDeflection L2 ===>> 825
GetDeflection CDD ===>> 50
GetGain H2 ===>> 0.0113
GetGain H1 ===>> 0.1
GetGain AX ===>> 0.09645
GetGain L1 ===>> 0.010309
GetGain L2 ===>> 0.091218
GetGain CDD ===>> 0
GetParameter Trap Current Readback ===>> 198.147042666178
GetParameter Source Current Readback ===>> 553.388085210279
pre measurement save
New frame /Users/jan/PychronDev/data/isotopes/86/d4d893-9c8a-4d1f-a4d2-30cebe70ffc7.h5
flush and close file /Users/jan/PychronDev/data/isotopes/86/d4d893-9c8a-4d1f-a4d2-30cebe70ffc7.h5
testing...
no interpolation path defined
executed snippet estimated_duration=552.28, duration=0.000172853469849
unknown measurement script
activate_detectors ('H2', 'H1', 'AX', 'L1', 'L2', 'CDD') {}
activate detectors
*************** Set Analysis View Ar/Ar
create graphs
clearing graphs
clear isotope group
setting isotope det=H2, iso=Ar41
setting isotope det=H1, iso=Ar40
setting isotope det=AX, iso=Ar39
setting isotope det=L1, iso=Ar38
setting isotope det=L2, iso=Ar37
setting isotope det=CDD, iso=Ar36
setting previous blanks
 - setting Ar41 blank 0.0151+/-0.0034
 - setting Ar40 blank 0.433+/-0.008
 - setting Ar36 blank 0.00455+/-0.00018
 - setting Ar37 blank 0.056+/-0.005
 - setting Ar38 blank 0.0017+/-0.0021
 - setting Ar39 blank 0.038+/-0.009
load analysis view
position_magnet ('Ar40',) {'detector': 'H1'}
detector Detector(H1)
POSITION Ar40 H1
molweights={'Ar41': 41.0, 'Ar40': 39.9624, 'Ar42': 42.0, 'Ar35': 35.0, 'Ar36': 35.9675, 'Ar37': 36.9668, 'Ar38': 37.9627, 'Ar39': 38.964}
setting detector H2 to Ar41 (40.9624)
setting detector H1 to Ar40 (39.9624)
setting detector AX to Ar39 (38.9624)
setting detector L1 to Ar38 (37.9624)
setting detector L2 to Ar37 (36.9624)
setting detector CDD to Ar36 (35.9624)
Mapping mass to dac mass func: "parabolic"
H1 map mass coeffs = [ -3.11428344e-04   1.33794662e-01   1.02917323e+00]
H1 map mass to dac 39.9624 >> 5.87858
GetDeflection H1 ===>> 0
GetHighVoltage ===>> 4499.94659342336
positioning Ar40 (5.87854538159) on H1
setting magnet DAC
current  : 5.878546
requested: 5.878545
Delta Dac: 0.000000
Checking detector protection. dv=0.00000
Checking detector "CDD". Protection Threshold: 0.5 (V)
SetMagnetDAC 5.87854538159 ===>> OK
Magnet settling time: 0.500 0.500
Magnet settling complete
set_dac. change=True
equilibrate () {'delay': 3, 'inlet': 'R', 'outlet': 'O', 'eqtime': 12.0}
Equilibration Started
19:15:23 -- ******* Equilibration Started *******
checking ownership. requestor=129.138.12.150
check software interlocks O
interlocks []
actuate state mode=None-script, software_lock=False
doing actuation None-script close_channel True
Close O ===>> OK
GetIndicatorState O ===>> False
change switch state (True, True)
19:15:24 -- CLOSE  VALVE-O (Jan Ion Pump)
waiting 3s before opening inlet value ('R',)
update labels <pychron.experiment.plot_panel.PlotPanel object at 0x1af01fd70>
update labels "<pychron.graph.stacked_regression_graph.StackedRegressionGraph object at 0x1a9344470>"
setting label 0 H2 Ar41
setting label 1 H1 Ar40
setting label 2 AX Ar39
setting label 3 L1 Ar38
setting label 4 L2 Ar37
setting label 5 CDD Ar36
update labels "<pychron.graph.stacked_graph.StackedGraph object at 0x1a9344410>"
setting label 0 H2 Ar41
setting label 1 H1 Ar40
setting label 2 AX Ar39
setting label 3 L1 Ar38
setting label 4 L2 Ar37
setting label 5 CDD Ar36
checking ownership. requestor=129.138.12.150
check software interlocks R
interlocks []
actuate state mode=None-script, software_lock=False
doing actuation None-script open_channel True
Open R ===>> OK
State checksums do not match. Local:-1154079350 Remote:-1078352491
State checksum failed
GetIndicatorState R ===>> OK
change switch state (True, True)
19:15:27 -- OPEN   VALVE-R (Jan Inlet)
set_time_zero () {}
equilibrating for 12.0sec
sniff (12.0,) {}
py_sniff
build tables- sniff [Detector(H2), Detector(H1), Detector(AX), Detector(L1), Detector(L2), Detector(CDD)]
add group /sniff/Ar41 (Group) '' table H2
add group /sniff/Ar40 (Group) '' table H1
add group /sniff/Ar39 (Group) '' table AX
add group /sniff/Ar38 (Group) '' table L1
add group /sniff/Ar37 (Group) '' table L2
add group /sniff/Ar36 (Group) '' table CDD
flush and close file /Users/jan/PychronDev/data/isotopes/86/d4d893-9c8a-4d1f-a4d2-30cebe70ffc7.h5
measuring sniff. ncounts=12.0
"sniff" increment series count="1" fit count="0" regressing="False"
starting measurement
set states for children of Y. state=False
refresh_canvas_needed fired
set states for children of Z. state=True
refresh_canvas_needed fired
Equilibration Finished
19:15:39 -- ******* Equilibration Finished *******
checking ownership. requestor=129.138.12.150
check software interlocks R
interlocks []
actuate state mode=None-script, software_lock=False
doing actuation None-script close_channel True
Close R ===>> OK
GetIndicatorState R ===>> False
change switch state (True, True)
19:15:40 -- CLOSE  VALVE-R (Jan Inlet)
Post Equilibration Started jan_pump_extraction_line.py
19:15:40 -- ******* Post Equilibration Started jan_pump_extraction_line.py *******
testing...
no interpolation path defined
calculate duration
testing...
no interpolation path defined
executed snippet estimated_duration=4.0, duration=0.000169038772583
executed snippet estimated_duration=4.0, duration=0.00151801109314
Pump after analysis
doing GOSUB
testing...
no interpolation path defined
executed snippet estimated_duration=4.0, duration=0.000194072723389
Pump Microbone
close () {'description': 'Jan Inlet'}
close name=--- desc=Jan Inlet
checking ownership. requestor=129.138.12.150
check software interlocks R
interlocks []
actuate state mode=None-script, software_lock=False
doing actuation None-script close_channel False
waiting for write to finish
measurement finished
estimated time: 12.583 actual time: :12.715
flush and close file /Users/jan/PychronDev/data/isotopes/86/d4d893-9c8a-4d1f-a4d2-30cebe70ffc7.h5
set_fits () {}
using default fits file=/Users/jan/PychronDev/scripts/measurement/fits/nominal.yaml
set "Ar41" to "('linear', 'SEM')"
set "Ar40" to "('Parabolic', 'SEM')"
set "Ar36" to "('Parabolic', 'SEM')"
set "Ar37" to "('linear', 'SEM')"
set "Ar38" to "('linear', 'SEM')"
set "Ar39" to "('Parabolic', 'SEM')"
set_baseline_fits () {}
Close R ===>> OK
using default fits file=/Users/jan/PychronDev/scripts/measurement/fits/nominal.yaml
set "H2" to "('average', 'SEM')"
set "H1" to "('average', 'SEM')"
set "CDD" to "('average', 'SEM')"
set "L2" to "('average', 'SEM')"
set "L1" to "('average', 'SEM')"
set "AX" to "('average', 'SEM')"
multicollect () {'integration_time': 1, 'ncounts': 400}
build tables- signal [Detector(H2), Detector(H1), Detector(AX), Detector(L1), Detector(L2), Detector(CDD)]
add group /signal/Ar41 (Group) '' table H2
add group /signal/Ar40 (Group) '' table H1
add group /signal/Ar39 (Group) '' table AX
add group /signal/Ar38 (Group) '' table L1
add group /signal/Ar37 (Group) '' table L2
add group /signal/Ar36 (Group) '' table CDD
flush and close file /Users/jan/PychronDev/data/isotopes/86/d4d893-9c8a-4d1f-a4d2-30cebe70ffc7.h5
measuring signal. ncounts=400
GetIndicatorState R ===>> False
change switch state (True, True)
19:15:41 -- CLOSE  VALVE-R (Jan Inlet)
-------------------------- close None (Jan Inlet) result=[(True, True)]
"signal" increment series count="2" fit count="1" regressing="True"
action=close, ok=True, locked=[False]
is_closed ('F',) {}
is F () closed?
is closed True
open () {'description': 'CO2 Laser to Jan'}
open name=--- desc=CO2 Laser to Jan
checking ownership. requestor=129.138.12.150
check software interlocks A
interlocks []
actuate state mode=None-script, software_lock=False
doing actuation None-script open_channel False
Open A ===>> OK
GetIndicatorState A ===>> OK
change switch state (True, True)
19:15:41 -- OPEN   VALVE-A (CO2 Laser to Jan)
-------------------------- open None (CO2 Laser to Jan) result=[(True, True)]
starting measurement
action=open, ok=True, locked=[False]
sleep (1,) {}
SLEEP 1.0
close () {'description': 'CO2 Laser to Roughing'}
close name=--- desc=CO2 Laser to Roughing
checking ownership. requestor=129.138.12.150
check software interlocks G
interlocks []
actuate state mode=None-script, software_lock=True
VALVE-G(CO2 Laser to Roughing) software locked
change switch state (True, False)
-------------------------- close None (CO2 Laser to Roughing) result=[(True, False)]
action=close, ok=True, locked=[True]
open () {'description': 'Microbone to Turbo'}
open name=--- desc=Microbone to Turbo
checking ownership. requestor=129.138.12.150
check software interlocks U
interlocks []
actuate state mode=None-script, software_lock=False
doing actuation None-script open_channel True
Open U ===>> OK
GetIndicatorState U ===>> OK
change switch state (True, True)
19:15:42 -- OPEN   VALVE-U (Microbone to Turbo)
-------------------------- open None (Microbone to Turbo) result=[(True, True)]
action=open, ok=True, locked=[False]
open () {'description': 'Microbone to Getter NP-10'}
open name=--- desc=Microbone to Getter NP-10
checking ownership. requestor=129.138.12.150
check software interlocks M
interlocks []
actuate state mode=None-script, software_lock=False
doing actuation None-script open_channel False
Open M ===>> OK
GetIndicatorState M ===>> OK
change switch state (True, True)
19:15:43 -- OPEN   VALVE-M (Microbone to Getter NP-10)
-------------------------- open None (Microbone to Getter NP-10) result=[(True, True)]
action=open, ok=True, locked=[False]
open () {'description': 'Microbone to Getter D-50'}
open name=--- desc=Microbone to Getter D-50
checking ownership. requestor=129.138.12.150
check software interlocks K
interlocks []
actuate state mode=None-script, software_lock=False
doing actuation None-script open_channel False
Open K ===>> OK
GetIndicatorState K ===>> OK
change switch state (True, True)
19:15:44 -- OPEN   VALVE-K (Microbone to Getter D-50)
-------------------------- open None (Microbone to Getter D-50) result=[(True, True)]
action=open, ok=True, locked=[False]
open () {'description': 'Microbone to CO2 Laser'}
open name=--- desc=Microbone to CO2 Laser
checking ownership. requestor=129.138.12.150
check software interlocks T
interlocks []
actuate state mode=None-script, software_lock=False
doing actuation None-script open_channel False
Open T ===>> OK
GetIndicatorState T ===>> OK
change switch state (True, True)
19:15:44 -- OPEN   VALVE-T (Microbone to CO2 Laser)
-------------------------- open None (Microbone to CO2 Laser) result=[(True, True)]
action=open, ok=True, locked=[False]
open () {'description': 'Microbone to Inlet Pipette'}
open name=--- desc=Microbone to Inlet Pipette
checking ownership. requestor=129.138.12.150
check software interlocks S
interlocks []
actuate state mode=None-script, software_lock=False
doing actuation None-script open_channel False
Open S ===>> OK
State checksums do not match. Local:378530779 Remote:611344307
State checksum failed
GetIndicatorState S ===>> OK
change switch state (True, True)
19:15:45 -- OPEN   VALVE-S (Microbone to Inlet Pipette)
-------------------------- open None (Microbone to Inlet Pipette) result=[(True, True)]
action=open, ok=True, locked=[False]
sleep (1,) {}
SLEEP 1.0
testing H1<-5.0
evaluate ot="H1.bs<-5.0" t="H1<-5.0", ctx="{'H1': 0.08589672114958583}"
set states for children of Z. state=False
refresh_canvas_needed fired
set_resource () {'name': 'CO2PumpTimeFlag', 'value': 30}
Set CO2PumpTimeFlag 30 ===>> OK
release ('JanCO2Flag',) {}
release JanCO2Flag
Set JanCO2Flag 0 ===>> OK
executed snippet estimated_duration=6.0, duration=6.13684415817
PumpMicrobone.py completed successfully
gosub finished
get_resource_value () {'name': 'JanMiniboneFlag'}
Read JanMiniboneFlag ===>> 0
Get Resource Value JanMiniboneFlag=0.0
get resource value 0.0
get_resource_value () {'name': 'JanMiniboneFlag'}
Read JanMiniboneFlag ===>> 0
Get Resource Value JanMiniboneFlag=0.0
executed snippet estimated_duration=4.0, duration=6.16039609909
jan_pump_extraction_line.py completed successfully
Post Equilibration Finished
19:15:46 -- ******* Post Equilibration Finished *******
set states for children of C. state=False
refresh_canvas_needed fired
set states for children of P. state=False
refresh_canvas_needed fired
testing H1<-5.0
evaluate ot="H1.bs<-5.0" t="H1<-5.0", ctx="{'H1': 0.08589672114958583}"
set states for children of Y. state=True
refresh_canvas_needed fired
testing H1<-5.0
evaluate ot="H1.bs<-5.0" t="H1<-5.0", ctx="{'H1': 0.08589672114958583}"
testing H1<-5.0
evaluate ot="H1.bs<-5.0" t="H1<-5.0", ctx="{'H1': 0.08589672114958583}"
testing H1<-5.0
evaluate ot="H1.bs<-5.0" t="H1<-5.0", ctx="{'H1': 0.08589672114958583}"
19:16:06 -- collecting point 25
set states for children of Y. state=False
refresh_canvas_needed fired
set states for children of Z. state=True
refresh_canvas_needed fired
testing H1<-5.0
evaluate ot="H1.bs<-5.0" t="H1<-5.0", ctx="{'H1': 0.08589672114958583}"
testing H1<-5.0
evaluate ot="H1.bs<-5.0" t="H1<-5.0", ctx="{'H1': 0.08589672114958583}"
testing H1<-5.0
evaluate ot="H1.bs<-5.0" t="H1<-5.0", ctx="{'H1': 0.08589672114958583}"
set states for children of Z. state=False
refresh_canvas_needed fired
testing H1<-5.0
evaluate ot="H1.bs<-5.0" t="H1<-5.0", ctx="{'H1': 0.08589672114958583}"
set states for children of Y. state=True
refresh_canvas_needed fired
testing H1<-5.0
evaluate ot="H1.bs<-5.0" t="H1<-5.0", ctx="{'H1': 0.08589672114958583}"
19:16:33 -- collecting point 50
testing H1<-5.0
evaluate ot="H1.bs<-5.0" t="H1<-5.0", ctx="{'H1': 0.08589672114958583}"
testing H1<-5.0
evaluate ot="H1.bs<-5.0" t="H1<-5.0", ctx="{'H1': 0.08589672114958583}"
State checksums do not match. Local:268272333 Remote:610848153
State checksum failed
set states for children of Y. state=False
refresh_canvas_needed fired
testing H1<-5.0
evaluate ot="H1.bs<-5.0" t="H1<-5.0", ctx="{'H1': 0.08589672114958583}"
set states for children of V. state=False
refresh_canvas_needed fired
testing H1<-5.0
evaluate ot="H1.bs<-5.0" t="H1<-5.0", ctx="{'H1': 0.08589672114958583}"
set states for children of H. state=True
refresh_canvas_needed fired
testing H1<-5.0
evaluate ot="H1.bs<-5.0" t="H1<-5.0", ctx="{'H1': 0.08589672114958583}"
19:16:59 -- collecting point 75
testing H1<-5.0
evaluate ot="H1.bs<-5.0" t="H1<-5.0", ctx="{'H1': 0.08589672114958583}"
testing Ar36<0.001
evaluate ot="Ar36.bs_corrected<0.001" t="Ar36<0.001", ctx="{'Ar36': 0.027476691967930643}"
testing H1<-5.0
evaluate ot="H1.bs<-5.0" t="H1<-5.0", ctx="{'H1': 0.08589672114958583}"
testing Ar36<0.001
evaluate ot="Ar36.bs_corrected<0.001" t="Ar36<0.001", ctx="{'Ar36': 0.026236731694666962}"
testing H1<-5.0
evaluate ot="H1.bs<-5.0" t="H1<-5.0", ctx="{'H1': 0.08589672114958583}"
testing Ar36<0.001
evaluate ot="Ar36.bs_corrected<0.001" t="Ar36<0.001", ctx="{'Ar36': 0.025425295508928556}"
testing H1<-5.0
evaluate ot="H1.bs<-5.0" t="H1<-5.0", ctx="{'H1': 0.08589672114958583}"
testing Ar36<0.001
evaluate ot="Ar36.bs_corrected<0.001" t="Ar36<0.001", ctx="{'Ar36': 0.02556396390940192}"
set states for children of C. state=True
set states for children of H. state=False
refresh_canvas_needed fired
testing H1<-5.0
evaluate ot="H1.bs<-5.0" t="H1<-5.0", ctx="{'H1': 0.08589672114958583}"
testing Ar36<0.001
evaluate ot="Ar36.bs_corrected<0.001" t="Ar36<0.001", ctx="{'Ar36': 0.02541249071643731}"
19:17:27 -- collecting point 100
State checksums do not match. Local:1242363369 Remote:1269278284
State checksum failed
set states for children of B. state=True
set states for children of D. state=True
refresh_canvas_needed fired
set states for children of I. state=False
set states for children of Q. state=True
set states for children of P. state=True
refresh_canvas_needed fired
ask. get packet. error: timed out address: UDP://129.138.12.152:1069
testing H1<-5.0
evaluate ot="H1.bs<-5.0" t="H1<-5.0", ctx="{'H1': 0.08589672114958583}"
testing Ar36<0.001
evaluate ot="Ar36.bs_corrected<0.001" t="Ar36<0.001", ctx="{'Ar36': 0.025061094213603956}"
testing H1<-5.0
evaluate ot="H1.bs<-5.0" t="H1<-5.0", ctx="{'H1': 0.08589672114958583}"
testing Ar36<0.001
evaluate ot="Ar36.bs_corrected<0.001" t="Ar36<0.001", ctx="{'Ar36': 0.025133481472710984}"
No Intensity change. Something is wrong. 
flush and close file /Users/jan/PychronDev/data/isotopes/86/d4d893-9c8a-4d1f-a4d2-30cebe70ffc7.h5
_execute: Traceback (most recent call last):
  File "/Users/jan/Programming/git/pychron_dev/pychron/pyscripts/pyscript.py", line 360, in execute_snippet
    func(*argv)
  File "<string>", line 75, in main
  File "/Users/jan/Programming/git/pychron_dev/pychron/pyscripts/pyscript.py", line 135, in decorator
    return func(obj, *args, **kw)
  File "/Users/jan/Programming/git/pychron_dev/pychron/pyscripts/measurement_pyscript.py", line 198, in multicollect
    series=self._series_count):
  File "/Users/jan/Programming/git/pychron_dev/pychron/pyscripts/measurement_pyscript.py", line 883, in _automated_run_call
    return func(*args, **kw)
  File "/Users/jan/Programming/git/pychron_dev/pychron/experiment/automated_run/automated_run.py", line 361, in py_data_collection
    check_conditionals, sc, obj)
  File "/Users/jan/Programming/git/pychron_dev/pychron/experiment/automated_run/automated_run.py", line 2316, in _measure
    m.measure()
  File "/Users/jan/Programming/git/pychron_dev/pychron/experiment/automated_run/data_collector.py", line 116, in measure
    self._measure(evt)
  File "/Users/jan/Programming/git/pychron_dev/pychron/experiment/automated_run/data_collector.py", line 154, in _measure
    if not self._iter(i):
  File "/Users/jan/Programming/git/pychron_dev/pychron/experiment/automated_run/data_collector.py", line 181, in _iter
    if not self._iter_hook(i):
  File "/Users/jan/Programming/git/pychron_dev/pychron/experiment/automated_run/multi_collector.py", line 37, in _iter_hook
    return self._iteration(i)
  File "/Users/jan/Programming/git/pychron_dev/pychron/experiment/automated_run/data_collector.py", line 204, in _iteration
    data = self._get_data(detectors)
  File "/Users/jan/Programming/git/pychron_dev/pychron/experiment/automated_run/data_collector.py", line 236, in _get_data
    data = next(self.data_generator)
StopIteration

Post Measurement Started jan_pump_ms.py
19:17:44 -- ******* Post Measurement Started jan_pump_ms.py *******
testing...
no interpolation path defined
executed snippet estimated_duration=0, duration=2.78949737549e-05
Pumping spectrometer
open () {'name': 'O'}
open name=O desc=---
checking ownership. requestor=129.138.12.150
check software interlocks O
interlocks []
actuate state mode=None-script, software_lock=False
doing actuation None-script open_channel True
Open O ===>> ERROR 004 : invalid arguments: Open O
change switch state (None, False)
-------------------------- open O () result=[(None, False)]
action=open, ok=None, locked=[False]
Failed to open valve Name="O", Description=""
Retry actuation. i=1 Action="open", Name="O", Description=""
checking ownership. requestor=129.138.12.150
check software interlocks O
interlocks []
actuate state mode=None-script, software_lock=False
doing actuation None-script open_channel True
Open O ===>> ERROR 004 : invalid arguments: Open O
change switch state (None, False)
action=open, ok=None, locked=[False]
Failed to open valve Name="O", Description=""
Retry actuation. i=2 Action="open", Name="O", Description=""
checking ownership. requestor=129.138.12.150
check software interlocks O
interlocks []
actuate state mode=None-script, software_lock=False
doing actuation None-script open_channel True
Open O ===>> ERROR 004 : invalid arguments: Open O
change switch state (None, False)
action=open, ok=None, locked=[False]
Failed to open valve Name="O", Description=""
Retry actuation. i=3 Action="open", Name="O", Description=""
checking ownership. requestor=129.138.12.150
check software interlocks O
interlocks []
actuate state mode=None-script, software_lock=False
doing actuation None-script open_channel True
Open O ===>> ERROR 004 : invalid arguments: Open O
change switch state (None, False)
action=open, ok=None, locked=[False]
Failed to open valve Name="O", Description=""
Retry actuation. i=4 Action="open", Name="O", Description=""
checking ownership. requestor=129.138.12.150
check software interlocks O
interlocks []
actuate state mode=None-script, software_lock=False
doing actuation None-script open_channel True
Open O ===>> ERROR 004 : invalid arguments: Open O
change switch state (None, False)
action=open, ok=None, locked=[False]
Failed to open valve Name="O", Description=""
Retry actuation. i=5 Action="open", Name="O", Description=""
checking ownership. requestor=129.138.12.150
check software interlocks O
interlocks []
actuate state mode=None-script, software_lock=False
doing actuation None-script open_channel True
Open O ===>> ERROR 004 : invalid arguments: Open O
change switch state (None, False)
action=open, ok=None, locked=[False]
Failed to open valve Name="O", Description=""
Retry actuation. i=6 Action="open", Name="O", Description=""
checking ownership. requestor=129.138.12.150
check software interlocks O
interlocks []
actuate state mode=None-script, software_lock=False
doing actuation None-script open_channel True
Open O ===>> ERROR 004 : invalid arguments: Open O
change switch state (None, False)
action=open, ok=None, locked=[False]
Failed to open valve Name="O", Description=""
Retry actuation. i=7 Action="open", Name="O", Description=""
checking ownership. requestor=129.138.12.150
check software interlocks O
interlocks []
actuate state mode=None-script, software_lock=False
doing actuation None-script open_channel True
Open O ===>> ERROR 004 : invalid arguments: Open O
change switch state (None, False)
action=open, ok=None, locked=[False]
Failed to open valve Name="O", Description=""
Retry actuation. i=8 Action="open", Name="O", Description=""
checking ownership. requestor=129.138.12.150
check software interlocks O
interlocks []
actuate state mode=None-script, software_lock=False
doing actuation None-script open_channel True
Open O ===>> ERROR 004 : invalid arguments: Open O
change switch state (None, False)
action=open, ok=None, locked=[False]
Failed to open valve Name="O", Description=""
Retry actuation. i=9 Action="open", Name="O", Description=""
checking ownership. requestor=129.138.12.150
check software interlocks O
interlocks []
actuate state mode=None-script, software_lock=False
doing actuation None-script open_channel True
Open O ===>> ERROR 004 : invalid arguments: Open O
change switch state (None, False)
action=open, ok=None, locked=[False]
Failed to open valve Name="O", Description=""
Retry actuation. i=10 Action="open", Name="O", Description=""
checking ownership. requestor=129.138.12.150
check software interlocks O
interlocks []
actuate state mode=None-script, software_lock=False
doing actuation None-script open_channel True
Open O ===>> ERROR 004 : invalid arguments: Open O
change switch state (None, False)
action=open, ok=None, locked=[False]
Failed to open valve Name="O", Description=""
Retry actuation. i=11 Action="open", Name="O", Description=""
checking ownership. requestor=129.138.12.150
check software interlocks O
interlocks []
actuate state mode=None-script, software_lock=False
doing actuation None-script open_channel True
Open O ===>> ERROR 004 : invalid arguments: Open O
change switch state (None, False)
action=open, ok=None, locked=[False]
Failed to open valve Name="O", Description=""
Retry actuation. i=12 Action="open", Name="O", Description=""
checking ownership. requestor=129.138.12.150
check software interlocks O
interlocks []
actuate state mode=None-script, software_lock=False
doing actuation None-script open_channel True
Open O ===>> ERROR 004 : invalid arguments: Open O
change switch state (None, False)
action=open, ok=None, locked=[False]
Failed to open valve Name="O", Description=""
Retry actuation. i=13 Action="open", Name="O", Description=""
checking ownership. requestor=129.138.12.150
check software interlocks O
interlocks []
actuate state mode=None-script, software_lock=False
doing actuation None-script open_channel True
Open O ===>> ERROR 004 : invalid arguments: Open O
change switch state (None, False)
action=open, ok=None, locked=[False]
Failed to open valve Name="O", Description=""
Retry actuation. i=14 Action="open", Name="O", Description=""
checking ownership. requestor=129.138.12.150
check software interlocks O
interlocks []
actuate state mode=None-script, software_lock=False
doing actuation None-script open_channel True
Open O ===>> ERROR 004 : invalid arguments: Open O
change switch state (None, False)
action=open, ok=None, locked=[False]
Failed to open valve Name="O", Description=""
Retry actuation. i=15 Action="open", Name="O", Description=""
checking ownership. requestor=129.138.12.150
check software interlocks O
interlocks []
actuate state mode=None-script, software_lock=False
doing actuation None-script open_channel True
Open O ===>> ERROR 004 : invalid arguments: Open O
change switch state (None, False)
action=open, ok=None, locked=[False]
Failed to open valve Name="O", Description=""
Retry actuation. i=16 Action="open", Name="O", Description=""
checking ownership. requestor=129.138.12.150
check software interlocks O
interlocks []
actuate state mode=None-script, software_lock=False
doing actuation None-script open_channel True
Open O ===>> ERROR 004 : invalid arguments: Open O
change switch state (None, False)
action=open, ok=None, locked=[False]
Failed to open valve Name="O", Description=""
Retry actuation. i=17 Action="open", Name="O", Description=""
checking ownership. requestor=129.138.12.150
check software interlocks O
interlocks []
actuate state mode=None-script, software_lock=False
doing actuation None-script open_channel True
Open O ===>> ERROR 004 : invalid arguments: Open O
change switch state (None, False)
action=open, ok=None, locked=[False]
Failed to open valve Name="O", Description=""
Retry actuation. i=18 Action="open", Name="O", Description=""
checking ownership. requestor=129.138.12.150
check software interlocks O
interlocks []
actuate state mode=None-script, software_lock=False
doing actuation None-script open_channel True
Open O ===>> ERROR 004 : invalid arguments: Open O
change switch state (None, False)
action=open, ok=None, locked=[False]
Failed to open valve Name="O", Description=""
Retry actuation. i=19 Action="open", Name="O", Description=""
checking ownership. requestor=129.138.12.150
check software interlocks O
interlocks []
actuate state mode=None-script, software_lock=False
doing actuation None-script open_channel True
Open O ===>> ERROR 004 : invalid arguments: Open O
change switch state (None, False)
action=open, ok=None, locked=[False]
Failed to open valve Name="O", Description=""
Retry actuation. i=20 Action="open", Name="O", Description=""
checking ownership. requestor=129.138.12.150
check software interlocks O
interlocks []
actuate state mode=None-script, software_lock=False
doing actuation None-script open_channel True
Open O ===>> ERROR 004 : invalid arguments: Open O
change switch state (None, False)
action=open, ok=None, locked=[False]
Failed to open valve Name="O", Description=""
Retry actuation. i=21 Action="open", Name="O", Description=""
checking ownership. requestor=129.138.12.150
check software interlocks O
interlocks []
actuate state mode=None-script, software_lock=False
doing actuation None-script open_channel True
Open O ===>> ERROR 004 : invalid arguments: Open O
change switch state (None, False)
action=open, ok=None, locked=[False]
Failed to open valve Name="O", Description=""
Retry actuation. i=22 Action="open", Name="O", Description=""
checking ownership. requestor=129.138.12.150
check software interlocks O
interlocks []
actuate state mode=None-script, software_lock=False
doing actuation None-script open_channel True
Open O ===>> ERROR 004 : invalid arguments: Open O
change switch state (None, False)
action=open, ok=None, locked=[False]
Failed to open valve Name="O", Description=""
Retry actuation. i=23 Action="open", Name="O", Description=""
checking ownership. requestor=129.138.12.150
check software interlocks O
interlocks []
actuate state mode=None-script, software_lock=False
doing actuation None-script open_channel True
Open O ===>> ERROR 004 : invalid arguments: Open O
change switch state (None, False)
action=open, ok=None, locked=[False]
Failed to open valve Name="O", Description=""
Retry actuation. i=24 Action="open", Name="O", Description=""
checking ownership. requestor=129.138.12.150
check software interlocks O
interlocks []
actuate state mode=None-script, software_lock=False
doing actuation None-script open_channel True
Open O ===>> ERROR 004 : invalid arguments: Open O
change switch state (None, False)
action=open, ok=None, locked=[False]
Failed to open valve Name="O", Description=""
Retry actuation. i=25 Action="open", Name="O", Description=""
checking ownership. requestor=129.138.12.150
check software interlocks O
interlocks []
actuate state mode=None-script, software_lock=False
doing actuation None-script open_channel True
Open O ===>> ERROR 004 : invalid arguments: Open O
change switch state (None, False)
action=open, ok=None, locked=[False]
Failed to open valve Name="O", Description=""
Retry actuation. i=26 Action="open", Name="O", Description=""
checking ownership. requestor=129.138.12.150
check software interlocks O
interlocks []
actuate state mode=None-script, software_lock=False
doing actuation None-script open_channel True
Open O ===>> ERROR 004 : invalid arguments: Open O
change switch state (None, False)
action=open, ok=None, locked=[False]
Failed to open valve Name="O", Description=""
Retry actuation. i=27 Action="open", Name="O", Description=""
checking ownership. requestor=129.138.12.150
check software interlocks O
interlocks []
actuate state mode=None-script, software_lock=False
doing actuation None-script open_channel True
Open O ===>> ERROR 004 : invalid arguments: Open O
change switch state (None, False)
action=open, ok=None, locked=[False]
Failed to open valve Name="O", Description=""
Retry actuation. i=28 Action="open", Name="O", Description=""
checking ownership. requestor=129.138.12.150
check software interlocks O
interlocks []
actuate state mode=None-script, software_lock=False
doing actuation None-script open_channel True
Open O ===>> ERROR 004 : invalid arguments: Open O
change switch state (None, False)
action=open, ok=None, locked=[False]
Failed to open valve Name="O", Description=""
Retry actuation. i=29 Action="open", Name="O", Description=""
checking ownership. requestor=129.138.12.150
check software interlocks O
interlocks []
actuate state mode=None-script, software_lock=False
doing actuation None-script open_channel True
Open O ===>> ERROR 004 : invalid arguments: Open O
change switch state (None, False)
action=open, ok=None, locked=[False]
Failed to open valve Name="O", Description=""
Retry actuation. i=30 Action="open", Name="O", Description=""
checking ownership. requestor=129.138.12.150
check software interlocks O
interlocks []
actuate state mode=None-script, software_lock=False
doing actuation None-script open_channel True
Open O ===>> ERROR 004 : invalid arguments: Open O
change switch state (None, False)
action=open, ok=None, locked=[False]
Failed to open valve Name="O", Description=""
Retry actuation. i=31 Action="open", Name="O", Description=""
checking ownership. requestor=129.138.12.150
check software interlocks O
interlocks []
actuate state mode=None-script, software_lock=False
doing actuation None-script open_channel True
Open O ===>> ERROR 004 : invalid arguments: Open O
change switch state (None, False)
action=open, ok=None, locked=[False]
Failed to open valve Name="O", Description=""
Retry actuation. i=32 Action="open", Name="O", Description=""
checking ownership. requestor=129.138.12.150
check software interlocks O
interlocks []
actuate state mode=None-script, software_lock=False
doing actuation None-script open_channel True
Open O ===>> ERROR 004 : invalid arguments: Open O
change switch state (None, False)
action=open, ok=None, locked=[False]
Failed to open valve Name="O", Description=""
Retry actuation. i=33 Action="open", Name="O", Description=""
checking ownership. requestor=129.138.12.150
check software interlocks O
interlocks []
actuate state mode=None-script, software_lock=False
doing actuation None-script open_channel True
Open O ===>> ERROR 004 : invalid arguments: Open O
change switch state (None, False)
action=open, ok=None, locked=[False]
Failed to open valve Name="O", Description=""
Retry actuation. i=34 Action="open", Name="O", Description=""
checking ownership. requestor=129.138.12.150
check software interlocks O
interlocks []
actuate state mode=None-script, software_lock=False
doing actuation None-script open_channel True
Open O ===>> ERROR 004 : invalid arguments: Open O
change switch state (None, False)
action=open, ok=None, locked=[False]
Failed to open valve Name="O", Description=""
Retry actuation. i=35 Action="open", Name="O", Description=""
checking ownership. requestor=129.138.12.150
check software interlocks O
interlocks []
actuate state mode=None-script, software_lock=False
doing actuation None-script open_channel True
Open O ===>> ERROR 004 : invalid arguments: Open O
change switch state (None, False)
action=open, ok=None, locked=[False]
Failed to open valve Name="O", Description=""
Retry actuation. i=36 Action="open", Name="O", Description=""
checking ownership. requestor=129.138.12.150
check software interlocks O
interlocks []
actuate state mode=None-script, software_lock=False
doing actuation None-script open_channel True
Open O ===>> ERROR 004 : invalid arguments: Open O
change switch state (None, False)
action=open, ok=None, locked=[False]
Failed to open valve Name="O", Description=""
Retry actuation. i=37 Action="open", Name="O", Description=""
checking ownership. requestor=129.138.12.150
check software interlocks O
interlocks []
actuate state mode=None-script, software_lock=False
doing actuation None-script open_channel True
Open O ===>> ERROR 004 : invalid arguments: Open O
change switch state (None, False)
action=open, ok=None, locked=[False]
Failed to open valve Name="O", Description=""
Retry actuation. i=38 Action="open", Name="O", Description=""
checking ownership. requestor=129.138.12.150
check software interlocks O
interlocks []
actuate state mode=None-script, software_lock=False
doing actuation None-script open_channel True
Open O ===>> ERROR 004 : invalid arguments: Open O
change switch state (None, False)
action=open, ok=None, locked=[False]
Failed to open valve Name="O", Description=""
Retry actuation. i=39 Action="open", Name="O", Description=""
checking ownership. requestor=129.138.12.150
check software interlocks O
interlocks []
actuate state mode=None-script, software_lock=False
doing actuation None-script open_channel True
Open O ===>> ERROR 004 : invalid arguments: Open O
change switch state (None, False)
action=open, ok=None, locked=[False]
Failed to open valve Name="O", Description=""
Retry actuation. i=40 Action="open", Name="O", Description=""
checking ownership. requestor=129.138.12.150
check software interlocks O
interlocks []
actuate state mode=None-script, software_lock=False
doing actuation None-script open_channel True
Open O ===>> ERROR 004 : invalid arguments: Open O
change switch state (None, False)
action=open, ok=None, locked=[False]
Failed to open valve Name="O", Description=""
Retry actuation. i=41 Action="open", Name="O", Description=""
checking ownership. requestor=129.138.12.150
check software interlocks O
interlocks []
actuate state mode=None-script, software_lock=False
doing actuation None-script open_channel True
Open O ===>> ERROR 004 : invalid arguments: Open O
change switch state (None, False)
action=open, ok=None, locked=[False]
Failed to open valve Name="O", Description=""
Retry actuation. i=42 Action="open", Name="O", Description=""
checking ownership. requestor=129.138.12.150
check software interlocks O
interlocks []
actuate state mode=None-script, software_lock=False
doing actuation None-script open_channel True
Open O ===>> ERROR 004 : invalid arguments: Open O
change switch state (None, False)
action=open, ok=None, locked=[False]
Failed to open valve Name="O", Description=""
Retry actuation. i=43 Action="open", Name="O", Description=""
checking ownership. requestor=129.138.12.150
check software interlocks O
interlocks []
actuate state mode=None-script, software_lock=False
doing actuation None-script open_channel True
Open O ===>> ERROR 004 : invalid arguments: Open O
change switch state (None, False)
action=open, ok=None, locked=[False]
Failed to open valve Name="O", Description=""
Retry actuation. i=44 Action="open", Name="O", Description=""
checking ownership. requestor=129.138.12.150
check software interlocks O
interlocks []
actuate state mode=None-script, software_lock=False
doing actuation None-script open_channel True
Open O ===>> ERROR 004 : invalid arguments: Open O
change switch state (None, False)
action=open, ok=None, locked=[False]
Failed to open valve Name="O", Description=""
Retry actuation. i=45 Action="open", Name="O", Description=""
checking ownership. requestor=129.138.12.150
check software interlocks O
interlocks []
actuate state mode=None-script, software_lock=False
doing actuation None-script open_channel True
Open O ===>> ERROR 004 : invalid arguments: Open O
change switch state (None, False)
action=open, ok=None, locked=[False]
Failed to open valve Name="O", Description=""
Retry actuation. i=46 Action="open", Name="O", Description=""
checking ownership. requestor=129.138.12.150
check software interlocks O
interlocks []
actuate state mode=None-script, software_lock=False
doing actuation None-script open_channel True
Open O ===>> ERROR 004 : invalid arguments: Open O
change switch state (None, False)
action=open, ok=None, locked=[False]
Failed to open valve Name="O", Description=""
Retry actuation. i=47 Action="open", Name="O", Description=""
checking ownership. requestor=129.138.12.150
check software interlocks O
interlocks []
actuate state mode=None-script, software_lock=False
doing actuation None-script open_channel True
Open O ===>> ERROR 004 : invalid arguments: Open O
change switch state (None, False)
action=open, ok=None, locked=[False]
Failed to open valve Name="O", Description=""
Retry actuation. i=48 Action="open", Name="O", Description=""
checking ownership. requestor=129.138.12.150
check software interlocks O
interlocks []
actuate state mode=None-script, software_lock=False
doing actuation None-script open_channel True
Open O ===>> ERROR 004 : invalid arguments: Open O
change switch state (None, False)
action=open, ok=None, locked=[False]
Failed to open valve Name="O", Description=""
Retry actuation. i=49 Action="open", Name="O", Description=""
checking ownership. requestor=129.138.12.150
check software interlocks O
interlocks []
actuate state mode=None-script, software_lock=False
doing actuation None-script open_channel True
Open O ===>> ERROR 004 : invalid arguments: Open O
change switch state (None, False)
action=open, ok=None, locked=[False]
Failed to open valve Name="O", Description=""
Retry actuation. i=50 Action="open", Name="O", Description=""
checking ownership. requestor=129.138.12.150
check software interlocks O
interlocks []
actuate state mode=None-script, software_lock=False
doing actuation None-script open_channel True
Open O ===>> ERROR 004 : invalid arguments: Open O
change switch state (None, False)
action=open, ok=None, locked=[False]
Failed to open valve Name="O", Description=""
Retry actuation. i=51 Action="open", Name="O", Description=""
checking ownership. requestor=129.138.12.150
check software interlocks O
interlocks []
actuate state mode=None-script, software_lock=False
doing actuation None-script open_channel True
Open O ===>> ERROR 004 : invalid arguments: Open O
change switch state (None, False)
action=open, ok=None, locked=[False]
Failed to open valve Name="O", Description=""
Retry actuation. i=52 Action="open", Name="O", Description=""
checking ownership. requestor=129.138.12.150
check software interlocks O
interlocks []
actuate state mode=None-script, software_lock=False
doing actuation None-script open_channel True
Open O ===>> ERROR 004 : invalid arguments: Open O
change switch state (None, False)
action=open, ok=None, locked=[False]
Failed to open valve Name="O", Description=""
Retry actuation. i=53 Action="open", Name="O", Description=""
checking ownership. requestor=129.138.12.150
check software interlocks O
interlocks []
actuate state mode=None-script, software_lock=False
doing actuation None-script open_channel True
Open O ===>> ERROR 004 : invalid arguments: Open O
change switch state (None, False)
action=open, ok=None, locked=[False]
Failed to open valve Name="O", Description=""
Retry actuation. i=54 Action="open", Name="O", Description=""
checking ownership. requestor=129.138.12.150
check software interlocks O
interlocks []
actuate state mode=None-script, software_lock=False
doing actuation None-script open_channel True
Open O ===>> ERROR 004 : invalid arguments: Open O
change switch state (None, False)
action=open, ok=None, locked=[False]
Failed to open valve Name="O", Description=""
Retry actuation. i=55 Action="open", Name="O", Description=""
checking ownership. requestor=129.138.12.150
check software interlocks O
interlocks []
actuate state mode=None-script, software_lock=False
doing actuation None-script open_channel True
Open O ===>> ERROR 004 : invalid arguments: Open O
change switch state (None, False)
action=open, ok=None, locked=[False]
Failed to open valve Name="O", Description=""
Retry actuation. i=56 Action="open", Name="O", Description=""
checking ownership. requestor=129.138.12.150
check software interlocks O
interlocks []
actuate state mode=None-script, software_lock=False
doing actuation None-script open_channel True
Open O ===>> ERROR 004 : invalid arguments: Open O
change switch state (None, False)
action=open, ok=None, locked=[False]
Failed to open valve Name="O", Description=""
Retry actuation. i=57 Action="open", Name="O", Description=""
checking ownership. requestor=129.138.12.150
check software interlocks O
interlocks []
actuate state mode=None-script, software_lock=False
doing actuation None-script open_channel True
Open O ===>> ERROR 004 : invalid arguments: Open O
change switch state (None, False)
action=open, ok=None, locked=[False]
Failed to open valve Name="O", Description=""
Retry actuation. i=58 Action="open", Name="O", Description=""
checking ownership. requestor=129.138.12.150
check software interlocks O
interlocks []
actuate state mode=None-script, software_lock=False
doing actuation None-script open_channel True
Open O ===>> ERROR 004 : invalid arguments: Open O
change switch state (None, False)
action=open, ok=None, locked=[False]
Failed to open valve Name="O", Description=""
Retry actuation. i=59 Action="open", Name="O", Description=""
checking ownership. requestor=129.138.12.150
check software interlocks O
interlocks []
actuate state mode=None-script, software_lock=False
doing actuation None-script open_channel True
Open O ===>> ERROR 004 : invalid arguments: Open O
change switch state (None, False)
action=open, ok=None, locked=[False]
Failed to open valve Name="O", Description=""
Retry actuation. i=60 Action="open", Name="O", Description=""
checking ownership. requestor=129.138.12.150
check software interlocks O
interlocks []
actuate state mode=None-script, software_lock=False
doing actuation None-script open_channel True
Open O ===>> ERROR 004 : invalid arguments: Open O
change switch state (None, False)
action=open, ok=None, locked=[False]
Failed to open valve Name="O", Description=""
Retry actuation. i=61 Action="open", Name="O", Description=""
checking ownership. requestor=129.138.12.150
check software interlocks O
interlocks []
actuate state mode=None-script, software_lock=False
doing actuation None-script open_channel True
Open O ===>> ERROR 004 : invalid arguments: Open O
change switch state (None, False)
action=open, ok=None, locked=[False]
Failed to open valve Name="O", Description=""
Retry actuation. i=62 Action="open", Name="O", Description=""
checking ownership. requestor=129.138.12.150
check software interlocks O
interlocks []
actuate state mode=None-script, software_lock=False
doing actuation None-script open_channel True
Open O ===>> ERROR 004 : invalid arguments: Open O
change switch state (None, False)
action=open, ok=None, locked=[False]
Failed to open valve Name="O", Description=""
Retry actuation. i=63 Action="open", Name="O", Description=""
checking ownership. requestor=129.138.12.150
check software interlocks O
interlocks []
actuate state mode=None-script, software_lock=False
doing actuation None-script open_channel True
Open O ===>> ERROR 004 : invalid arguments: Open O
change switch state (None, False)
action=open, ok=None, locked=[False]
Failed to open valve Name="O", Description=""
Retry actuation. i=64 Action="open", Name="O", Description=""
checking ownership. requestor=129.138.12.150
check software interlocks O
interlocks []
actuate state mode=None-script, software_lock=False
doing actuation None-script open_channel True
Open O ===>> ERROR 004 : invalid arguments: Open O
change switch state (None, False)
action=open, ok=None, locked=[False]
Failed to open valve Name="O", Description=""
Retry actuation. i=65 Action="open", Name="O", Description=""
checking ownership. requestor=129.138.12.150
check software interlocks O
interlocks []
actuate state mode=None-script, software_lock=False
doing actuation None-script open_channel True
Open O ===>> ERROR 004 : invalid arguments: Open O
change switch state (None, False)
action=open, ok=None, locked=[False]
Failed to open valve Name="O", Description=""
Retry actuation. i=66 Action="open", Name="O", Description=""
checking ownership. requestor=129.138.12.150
check software interlocks O
interlocks []
actuate state mode=None-script, software_lock=False
doing actuation None-script open_channel True
Open O ===>> ERROR 004 : invalid arguments: Open O
change switch state (None, False)
action=open, ok=None, locked=[False]
Failed to open valve Name="O", Description=""
Retry actuation. i=67 Action="open", Name="O", Description=""
checking ownership. requestor=129.138.12.150
check software interlocks O
interlocks []
actuate state mode=None-script, software_lock=False
doing actuation None-script open_channel True
Open O ===>> ERROR 004 : invalid arguments: Open O
change switch state (None, False)
action=open, ok=None, locked=[False]
Failed to open valve Name="O", Description=""
Retry actuation. i=68 Action="open", Name="O", Description=""
checking ownership. requestor=129.138.12.150
check software interlocks O
interlocks []
actuate state mode=None-script, software_lock=False
doing actuation None-script open_channel True
Open O ===>> ERROR 004 : invalid arguments: Open O
change switch state (None, False)
action=open, ok=None, locked=[False]
Failed to open valve Name="O", Description=""
Retry actuation. i=69 Action="open", Name="O", Description=""
checking ownership. requestor=129.138.12.150
check software interlocks O
interlocks []
actuate state mode=None-script, software_lock=False
doing actuation None-script open_channel True
Open O ===>> ERROR 004 : invalid arguments: Open O
change switch state (None, False)
action=open, ok=None, locked=[False]
Failed to open valve Name="O", Description=""
Retry actuation. i=70 Action="open", Name="O", Description=""
checking ownership. requestor=129.138.12.150
check software interlocks O
interlocks []
actuate state mode=None-script, software_lock=False
doing actuation None-script open_channel True
Open O ===>> ERROR 004 : invalid arguments: Open O
change switch state (None, False)
action=open, ok=None, locked=[False]
Failed to open valve Name="O", Description=""
Retry actuation. i=71 Action="open", Name="O", Description=""
checking ownership. requestor=129.138.12.150
check software interlocks O
interlocks []
actuate state mode=None-script, software_lock=False
doing actuation None-script open_channel True
Open O ===>> ERROR 004 : invalid arguments: Open O
change switch state (None, False)
action=open, ok=None, locked=[False]
Failed to open valve Name="O", Description=""
Retry actuation. i=72 Action="open", Name="O", Description=""
checking ownership. requestor=129.138.12.150
check software interlocks O
interlocks []
actuate state mode=None-script, software_lock=False
doing actuation None-script open_channel True
Open O ===>> ERROR 004 : invalid arguments: Open O
change switch state (None, False)
action=open, ok=None, locked=[False]
Failed to open valve Name="O", Description=""
Retry actuation. i=73 Action="open", Name="O", Description=""
checking ownership. requestor=129.138.12.150
check software interlocks O
interlocks []
actuate state mode=None-script, software_lock=False
doing actuation None-script open_channel True
Open O ===>> ERROR 004 : invalid arguments: Open O
change switch state (None, False)
action=open, ok=None, locked=[False]
Failed to open valve Name="O", Description=""
Retry actuation. i=74 Action="open", Name="O", Description=""
checking ownership. requestor=129.138.12.150
check software interlocks O
interlocks []
actuate state mode=None-script, software_lock=False
doing actuation None-script open_channel True
Open O ===>> ERROR 004 : invalid arguments: Open O
change switch state (None, False)
action=open, ok=None, locked=[False]
Failed to open valve Name="O", Description=""
Retry actuation. i=75 Action="open", Name="O", Description=""
checking ownership. requestor=129.138.12.150
check software interlocks O
interlocks []
actuate state mode=None-script, software_lock=False
doing actuation None-script open_channel True
Open O ===>> OK
GetIndicatorState O ===>> OK
change switch state (True, True)
19:18:06 -- OPEN   VALVE-O (Jan Ion Pump)
action=open, ok=True, locked=[False]
executed snippet estimated_duration=0, duration=22.1832790375
jan_pump_ms.py completed successfully
setting _ms_pumptime
Post Measurement Finished
19:18:06 -- ******* Post Measurement Finished *******
----------------- finish -----------------
state changed from measurement to failed
----------------- stop -----------------
Measurement Finished unsuccessfully. Aborted=False
19:18:06 -- ******* Measurement Finished unsuccessfully. Aborted=False *******
failed execution step Measurement Failed
measurement did not complete successfully
19:18:06 -- Automated run 65885-06B failed duration: 252.046 s
----------------- finish -----------------
----------------- stop -----------------
finish run. runs completed=12
write rem/ex queues
/Users/jan/PychronDev/experiments/rem/CurrentExperiment.rem.txt
/Users/jan/PychronDev/experiments/rem/CurrentExperiment.ex.txt
doing event level: 3
add run
